14-Nov-2024 18:46:47.382 INFO [http-nio-45854-exec-3] org.apache.coyote.http11.Http11Processor.service Error parsing HTTP request header
 Note: further occurrences of HTTP request parsing errors will be logged at DEBUG level.
	java.lang.IllegalArgumentException: Invalid character found in method name [0x160x030x010x020x000x010x000x010xfc0x030x030x05'0x180xbb^p0xa7>0xa80xea0xe8q0xf80xd610xa50x860x8c0xe3v0x090x880xb10xd3`.0xab0xc00x100xea60xdd0x000x000xcc0xc0,0xc000x000xa30x000x9f0xcc0xa90xcc0xa80xcc0xaa0xc00xaf0xc00xad0xc00xa30xc00x9f0xc0]0xc0a0xc0W0xc0S0x000xa70xc0+0xc0/0x000xa20x000x9e0xc00xae0xc00xac0xc00xa20xc00x9e0xc0\0xc0`0xc0V0xc0R0x000xa60xc0$0xc0(0x00k0x00j0xc0s0xc0w0x000xc40x000xc30x00m0x000xc50xc0#0xc0'0x00g0x00@0xc0r0xc0v0x000xbe0x000xbd0x00l0x000xbf0xc00x0a0xc00x140x0090x0080x000x880x000x870xc00x190x00:0x000x890xc00x090xc00x130x0030x0020x000x9a0x000x990x00E0x00D0xc00x180x0040x000x9b0x00F0xc00x070xc00x110xc00x160x000x180xc00x080xc00x120x000x160x000x130xc00x170x000x1b0x000x9d0xc00xa10xc00x9d0xc0Q0x000x9c0xc00xa00xc00x9c0xc0P0x00=0x000xc00x00<0x000xba0x0050x000x840x00/0x000x960x00A0x000x070x000x050x000x040x000x0a0x000xff0x010x000x010x070x000x000x000x1b0x000x190x000x000x16silo.luddy.indiana.edu0x000x0b0x000x040x030x000x010x020x000x0a0x000x0c0x000x0a0x000x1d0x000x170x000x1e0x000x190x000x180x00#0x000x000x000x160x000x000x000x170x000x000x000x0d0x0000x00.0x040x030x050x030x060x030x080x070x080x080x080x090x080x0a0x080x0b0x080x040x080x050x080x060x040x010x050x010x060x010x030x030x020x030x030x010x020x010x030x020x020x020x040x020x050x020x060x020x000x150x000x8c0x000x000x000x000x000x000x000x000x000x000x000x000x000x000x000x000x000x000x000x000x000x000x000x000x000x000x000x000x000x000x000x000x000x000x000x000x000x000x000x000x000x000x000x000x000x000x000x000x000x000x000x000x000x000x000x000x000x000x000x000x000x000x000x000x000x000x000x000x000x000x000x000x000x000x000x000x000x000x000x000x000x000x000x000x000x000x000x000x000x000x000x000x000x000x000x000x000x000x000x000x000x000x000x000x000x000x000x000x000x000x000x000x000x000x000x000x000x000x000x000x000x000x000x000x000x000x000x000x000x000x000x000x000x000x000x000x000x000x000x00...]. HTTP method names must be tokens
		at org.apache.coyote.http11.Http11InputBuffer.parseRequestLine(Http11InputBuffer.java:419)
		at org.apache.coyote.http11.Http11Processor.service(Http11Processor.java:269)
		at org.apache.coyote.AbstractProcessorLight.process(AbstractProcessorLight.java:65)
		at org.apache.coyote.AbstractProtocol$ConnectionHandler.process(AbstractProtocol.java:893)
		at org.apache.tomcat.util.net.NioEndpoint$SocketProcessor.doRun(NioEndpoint.java:1726)
		at org.apache.tomcat.util.net.SocketProcessorBase.run(SocketProcessorBase.java:49)
		at org.apache.tomcat.util.threads.ThreadPoolExecutor.runWorker(ThreadPoolExecutor.java:1191)
		at org.apache.tomcat.util.threads.ThreadPoolExecutor$Worker.run(ThreadPoolExecutor.java:659)
		at org.apache.tomcat.util.threads.TaskThread$WrappingRunnable.run(TaskThread.java:61)
		at java.base/java.lang.Thread.run(Thread.java:829)
14-Nov-2024 22:09:29.508 INFO [http-nio-45854-exec-3] org.apache.tomcat.util.http.parser.Cookie.logInvalidHeader A cookie header was received [ UNION SELECT 1--] that contained an invalid cookie. That cookie will be ignored.
 Note: further occurrences of this error will be logged at DEBUG level.
14-Nov-2024 22:12:28.377 INFO [http-nio-45854-exec-6] org.apache.coyote.http11.Http11Processor.service Error parsing HTTP request header
 Note: further occurrences of HTTP request parsing errors will be logged at DEBUG level.
	java.lang.IllegalArgumentException: Invalid character found in the request target [/midterm/midterm_one.php/plugins/safehtml/HTMLSax3.php?dir[plugins]=/etc/passwd%00 ]. The valid characters are defined in RFC 7230 and RFC 3986
		at org.apache.coyote.http11.Http11InputBuffer.parseRequestLine(Http11InputBuffer.java:494)
		at org.apache.coyote.http11.Http11Processor.service(Http11Processor.java:269)
		at org.apache.coyote.AbstractProcessorLight.process(AbstractProcessorLight.java:65)
		at org.apache.coyote.AbstractProtocol$ConnectionHandler.process(AbstractProtocol.java:893)
		at org.apache.tomcat.util.net.NioEndpoint$SocketProcessor.doRun(NioEndpoint.java:1726)
		at org.apache.tomcat.util.net.SocketProcessorBase.run(SocketProcessorBase.java:49)
		at org.apache.tomcat.util.threads.ThreadPoolExecutor.runWorker(ThreadPoolExecutor.java:1191)
		at org.apache.tomcat.util.threads.ThreadPoolExecutor$Worker.run(ThreadPoolExecutor.java:659)
		at org.apache.tomcat.util.threads.TaskThread$WrappingRunnable.run(TaskThread.java:61)
		at java.base/java.lang.Thread.run(Thread.java:829)
