04-Nov-2024 05:31:36.068 INFO [http-nio-45854-exec-5] org.apache.coyote.http11.Http11Processor.service Error parsing HTTP request header
 Note: further occurrences of HTTP request parsing errors will be logged at DEBUG level.
	java.lang.IllegalArgumentException: Invalid character found in method name [0x160x030x010x000xc20x010x000x000xbe0x030x010xfa0x120x91a0x1350x140x9cL0xe60xa7a0xa50xba0xd70xb6X%0xa5U0xce0xfa0xf70x0f0xc5,0x8a80xe20xf20xe2^0x000x00R0xc00x0a0xc00x140x0090x0080x000x880x000x870xc00x190x00:0x000x890xc00x090xc00x130x0030x0020x000x9a0x000x990x00E0x00D0xc00x180x0040x000x9b0x00F0xc00x070xc00x110xc00x160x000x180xc00x080xc00x120x000x160x000x130xc00x170x000x1b0x0050x000x840x00/0x000x960x00A0x000x070x000x050x000x040x000x0a0x000xff0x010x000x00C0x000x000x000x1b0x000x190x000x000x16silo.luddy.indiana.edu0x000x0b0x000x040x030x000x010x020x000x0a0x000x0c0x000x0a0x000x1d0x000x170x000x1e0x000x190x000x180x00#0x000x000x000x160x000x000x000x170x000x00...]. HTTP method names must be tokens
		at org.apache.coyote.http11.Http11InputBuffer.parseRequestLine(Http11InputBuffer.java:419)
		at org.apache.coyote.http11.Http11Processor.service(Http11Processor.java:269)
		at org.apache.coyote.AbstractProcessorLight.process(AbstractProcessorLight.java:65)
		at org.apache.coyote.AbstractProtocol$ConnectionHandler.process(AbstractProtocol.java:893)
		at org.apache.tomcat.util.net.NioEndpoint$SocketProcessor.doRun(NioEndpoint.java:1726)
		at org.apache.tomcat.util.net.SocketProcessorBase.run(SocketProcessorBase.java:49)
		at org.apache.tomcat.util.threads.ThreadPoolExecutor.runWorker(ThreadPoolExecutor.java:1191)
		at org.apache.tomcat.util.threads.ThreadPoolExecutor$Worker.run(ThreadPoolExecutor.java:659)
		at org.apache.tomcat.util.threads.TaskThread$WrappingRunnable.run(TaskThread.java:61)
		at java.base/java.lang.Thread.run(Thread.java:829)
04-Nov-2024 07:25:58.531 INFO [http-nio-45854-exec-2] org.apache.coyote.http11.Http11Processor.service Error parsing HTTP request header
 Note: further occurrences of HTTP request parsing errors will be logged at DEBUG level.
	java.lang.IllegalArgumentException: Invalid character found in the request target [/WebID/IISWebAgentIF.dll?postdata="><script>foo</script> ]. The valid characters are defined in RFC 7230 and RFC 3986
		at org.apache.coyote.http11.Http11InputBuffer.parseRequestLine(Http11InputBuffer.java:494)
		at org.apache.coyote.http11.Http11Processor.service(Http11Processor.java:269)
		at org.apache.coyote.AbstractProcessorLight.process(AbstractProcessorLight.java:65)
		at org.apache.coyote.AbstractProtocol$ConnectionHandler.process(AbstractProtocol.java:893)
		at org.apache.tomcat.util.net.NioEndpoint$SocketProcessor.doRun(NioEndpoint.java:1726)
		at org.apache.tomcat.util.net.SocketProcessorBase.run(SocketProcessorBase.java:49)
		at org.apache.tomcat.util.threads.ThreadPoolExecutor.runWorker(ThreadPoolExecutor.java:1191)
		at org.apache.tomcat.util.threads.ThreadPoolExecutor$Worker.run(ThreadPoolExecutor.java:659)
		at org.apache.tomcat.util.threads.TaskThread$WrappingRunnable.run(TaskThread.java:61)
		at java.base/java.lang.Thread.run(Thread.java:829)
04-Nov-2024 11:41:56.211 INFO [http-nio-45854-exec-10] org.apache.tomcat.util.http.parser.Cookie.logInvalidHeader A cookie header was received [ UNION SELECT 1--] that contained an invalid cookie. That cookie will be ignored.
 Note: further occurrences of this error will be logged at DEBUG level.
